torch device is cuda
Processing /home/martin.barry/projects/surreal/test/run2/36_30/36_30_c0001.mp4
Depth video saved as: /home/martin.barry/projects/surreal/test/run2/36_30/36_30_c0001_depth.mp4
Processing /home/martin.barry/projects/surreal/train/run1/105_29/105_29_c0008.mp4
Processing /home/martin.barry/projects/surreal/train/run1/ung_105_34/ung_105_34_c0007.mp4
Processing /home/martin.barry/projects/surreal/train/run0/ung_132_13/ung_132_13_c0042.mp4
Processing /home/martin.barry/projects/surreal/train/run1/ung_139_29/ung_139_29_c0015.mp4
Depth video saved as: /home/martin.barry/projects/surreal/train/run1/ung_139_29/ung_139_29_c0015_depth.mp4
Processing /home/martin.barry/projects/surreal/train/run1/ung_77_33/ung_77_33_c0021.mp4
Depth video saved as: /home/martin.barry/projects/surreal/train/run1/ung_77_33/ung_77_33_c0021_depth.mp4
Processing /home/martin.barry/projects/surreal/test/run0/ung_104_38/ung_104_38_c0009.mp4
Depth video saved as: /home/martin.barry/projects/surreal/test/run0/ung_104_38/ung_104_38_c0009_depth.mp4
Processing /home/martin.barry/projects/surreal/train/run0/28_19/28_19_c0008.mp4
Processing /home/martin.barry/projects/surreal/test/run1/ung_122_22/ung_122_22_c0011.mp4
Processing /home/martin.barry/projects/surreal/train/run1/91_23/91_23_c0014.mp4
Depth video saved as: /home/martin.barry/projects/surreal/train/run1/91_23/91_23_c0014_depth.mp4
Processing /home/martin.barry/projects/surreal/train/run2/55_15/55_15_c0020.mp4
Depth video saved as: /home/martin.barry/projects/surreal/train/run2/55_15/55_15_c0020_depth.mp4
Processing /home/martin.barry/projects/surreal/train/run0/55_07/55_07_c0018.mp4
Depth video saved as: /home/martin.barry/projects/surreal/train/run0/55_07/55_07_c0018_depth.mp4
Processing /home/martin.barry/projects/surreal/train/run0/62_12/62_12_c0004.mp4
Depth video saved as: /home/martin.barry/projects/surreal/train/run0/62_12/62_12_c0004_depth.mp4
Processing /home/martin.barry/projects/surreal/test/run0/ung_104_27/ung_104_27_c0010.mp4
Processing /home/martin.barry/projects/surreal/test/run2/ung_138_34/ung_138_34_c0002.mp4
Processing /home/martin.barry/projects/surreal/test/run1/ung_120_19/ung_120_19_c0016.mp4
Depth video saved as: /home/martin.barry/projects/surreal/test/run1/ung_120_19/ung_120_19_c0016_depth.mp4
Processing /home/martin.barry/projects/surreal/train/run1/ung_41_04/ung_41_04_c0023.mp4
Processing /home/martin.barry/projects/surreal/train/run0/ung_86_02/ung_86_02_c0051.mp4
Processing /home/martin.barry/projects/surreal/train/run0/ung_136_17/ung_136_17_c0006.mp4
Processing /home/martin.barry/projects/surreal/train/run1/ung_144_11/ung_144_11_c0012.mp4
Processing /home/martin.barry/projects/surreal/test/run0/40_09/40_09_c0025.mp4
Processing /home/martin.barry/projects/surreal/train/run0/ung_105_15/ung_105_15_c0014.mp4
Depth video saved as: /home/martin.barry/projects/surreal/train/run0/ung_105_15/ung_105_15_c0014_depth.mp4
Processing /home/martin.barry/projects/surreal/train/run1/ung_142_07/ung_142_07_c0052.mp4
Depth video saved as: /home/martin.barry/projects/surreal/train/run1/ung_142_07/ung_142_07_c0052_depth.mp4
Processing /home/martin.barry/projects/surreal/train/run1/ung_105_33/ung_105_33_c0019.mp4
Depth video saved as: /home/martin.barry/projects/surreal/train/run1/ung_105_33/ung_105_33_c0019_depth.mp4
Processing /home/martin.barry/projects/surreal/test/run1/ung_120_20/ung_120_20_c0066.mp4
Depth video saved as: /home/martin.barry/projects/surreal/test/run1/ung_120_20/ung_120_20_c0066_depth.mp4
Processing /home/martin.barry/projects/surreal/train/run0/26_07/26_07_c0019.mp4
Processing /home/martin.barry/projects/surreal/test/run0/ung_122_03/ung_122_03_c0003.mp4
Processing /home/martin.barry/projects/surreal/train/run1/79_66/79_66_c0002.mp4
Depth video saved as: /home/martin.barry/projects/surreal/train/run1/79_66/79_66_c0002_depth.mp4
Processing /home/martin.barry/projects/surreal/train/run1/132_55/132_55_c0023.mp4
Depth video saved as: /home/martin.barry/projects/surreal/train/run1/132_55/132_55_c0023_depth.mp4
Processing /home/martin.barry/projects/surreal/train/run1/144_32/144_32_c0034.mp4
setting noise profile for low light
Time taken for one batch: 0.10387969017028809
Time taken for one batch: 10.555813074111938
Time taken for one batch: 18.95588517189026
Time taken for one batch: 27.365020751953125
Time taken for one batch: 35.789268255233765
Time taken for one batch: 44.21903872489929
Time taken for one batch: 52.66279697418213
time taken after saving: 64.41855430603027
setting noise profile for high light
Time taken for one batch: 0.0027124881744384766
Time taken for one batch: 8.389754295349121
Time taken for one batch: 16.8016197681427
Time taken for one batch: 25.21112871170044
Time taken for one batch: 33.6246383190155
Time taken for one batch: 42.05939483642578
Time taken for one batch: 50.48535871505737
time taken after saving: 62.21784734725952
Processing /home/martin.barry/projects/surreal/train/run1/ung_49_03/ung_49_03_c0008.mp4
Depth video saved as: /home/martin.barry/projects/surreal/train/run1/ung_49_03/ung_49_03_c0008_depth.mp4
Processing /home/martin.barry/projects/surreal/test/run0/138_19/138_19_c0001.mp4
Depth video saved as: /home/martin.barry/projects/surreal/test/run0/138_19/138_19_c0001_depth.mp4
Processing /home/martin.barry/projects/surreal/train/run1/ung_111_41/ung_111_41_c0012.mp4
Depth video saved as: /home/martin.barry/projects/surreal/train/run1/ung_111_41/ung_111_41_c0012_depth.mp4
Processing /home/martin.barry/projects/surreal/train/run1/54_07/54_07_c0016.mp4
Processing /home/martin.barry/projects/surreal/train/run2/ung_56_04/ung_56_04_c0017.mp4
Processing /home/martin.barry/projects/surreal/train/run1/ung_90_33/ung_90_33_c0001.mp4
Processing /home/martin.barry/projects/surreal/train/run1/63_15/63_15_c0002.mp4
Processing /home/martin.barry/projects/surreal/train/run0/ung_94_01/ung_94_01_c0009.mp4
Depth video saved as: /home/martin.barry/projects/surreal/train/run0/ung_94_01/ung_94_01_c0009_depth.mp4
Processing /home/martin.barry/projects/surreal/train/run1/ung_41_09/ung_41_09_c0054.mp4
Depth video saved as: /home/martin.barry/projects/surreal/train/run1/ung_41_09/ung_41_09_c0054_depth.mp4
Processing /home/martin.barry/projects/surreal/train/run1/ung_114_15/ung_114_15_c0008.mp4
Processing /home/martin.barry/projects/surreal/train/run0/54_17/54_17_c0002.mp4
Depth video saved as: /home/martin.barry/projects/surreal/train/run0/54_17/54_17_c0002_depth.mp4
Processing /home/martin.barry/projects/surreal/train/run1/55_24/55_24_c0014.mp4
Processing /home/martin.barry/projects/surreal/train/run1/ung_142_05/ung_142_05_c0005.mp4
Depth video saved as: /home/martin.barry/projects/surreal/train/run1/ung_142_05/ung_142_05_c0005_depth.mp4
Processing /home/martin.barry/projects/surreal/test/run0/36_16/36_16_c0014.mp4
Processing /home/martin.barry/projects/surreal/test/run0/ung_138_42/ung_138_42_c0002.mp4
Depth video saved as: /home/martin.barry/projects/surreal/test/run0/ung_138_42/ung_138_42_c0002_depth.mp4
Processing /home/martin.barry/projects/surreal/test/run1/ung_127_21/ung_127_21_c0001.mp4
Depth video saved as: /home/martin.barry/projects/surreal/test/run1/ung_127_21/ung_127_21_c0001_depth.mp4
Processing /home/martin.barry/projects/surreal/train/run0/ung_105_35/ung_105_35_c0015.mp4
Depth video saved as: /home/martin.barry/projects/surreal/train/run0/ung_105_35/ung_105_35_c0015_depth.mp4
Processing /home/martin.barry/projects/surreal/train/run1/ung_12_04/ung_12_04_c0080.mp4
Depth video saved as: /home/martin.barry/projects/surreal/train/run1/ung_12_04/ung_12_04_c0080_depth.mp4
Processing /home/martin.barry/projects/surreal/train/run1/ung_132_49/ung_132_49_c0002.mp4
Processing /home/martin.barry/projects/surreal/train/run2/17_03/17_03_c0022.mp4
Depth video saved as: /home/martin.barry/projects/surreal/train/run2/17_03/17_03_c0022_depth.mp4
Processing /home/martin.barry/projects/surreal/train/run2/28_19/28_19_c0011.mp4
Depth video saved as: /home/martin.barry/projects/surreal/train/run2/28_19/28_19_c0011_depth.mp4
Processing /home/martin.barry/projects/surreal/train/run0/132_54/132_54_c0011.mp4
Depth video saved as: /home/martin.barry/projects/surreal/train/run0/132_54/132_54_c0011_depth.mp4
Processing /home/martin.barry/projects/surreal/train/run2/ung_86_04/ung_86_04_c0019.mp4
Depth video saved as: /home/martin.barry/projects/surreal/train/run2/ung_86_04/ung_86_04_c0019_depth.mp4
Processing /home/martin.barry/projects/surreal/train/run0/38_04/38_04_c0004.mp4
Processing /home/martin.barry/projects/surreal/train/run1/ung_137_03/ung_137_03_c0023.mp4
Depth video saved as: /home/martin.barry/projects/surreal/train/run1/ung_137_03/ung_137_03_c0023_depth.mp4
Processing /home/martin.barry/projects/surreal/train/run0/32_12/32_12_c0069.mp4
Depth video saved as: /home/martin.barry/projects/surreal/train/run0/32_12/32_12_c0069_depth.mp4
Processing /home/martin.barry/projects/surreal/train/run1/ung_142_12/ung_142_12_c0015.mp4
Depth video saved as: /home/martin.barry/projects/surreal/train/run1/ung_142_12/ung_142_12_c0015_depth.mp4
Processing /home/martin.barry/projects/surreal/train/run1/80_69/80_69_c0017.mp4
Depth video saved as: /home/martin.barry/projects/surreal/train/run1/80_69/80_69_c0017_depth.mp4
Processing /home/martin.barry/projects/surreal/train/run1/111_14/111_14_c0003.mp4
Depth video saved as: /home/martin.barry/projects/surreal/train/run1/111_14/111_14_c0003_depth.mp4
Processing /home/martin.barry/projects/surreal/train/run1/ung_56_05/ung_56_05_c0031.mp4
setting noise profile for normal light
Time taken for one batch: 0.0037870407104492188
Time taken for one batch: 8.413127899169922
Time taken for one batch: 16.84285545349121
Time taken for one batch: 25.271997690200806
Time taken for one batch: 33.720990896224976
Time taken for one batch: 42.16897654533386
Time taken for one batch: 50.61546874046326
time taken after saving: 62.98781633377075
setting noise profile for normal light
Time taken for one batch: 0.0026662349700927734
Time taken for one batch: 8.390120506286621
Time taken for one batch: 16.795037746429443
Time taken for one batch: 25.219573497772217
Time taken for one batch: 33.63419580459595
Time taken for one batch: 42.06988978385925
Time taken for one batch: 50.49707055091858
time taken after saving: 63.31929850578308
Processing /home/martin.barry/projects/surreal/train/run0/91_01/91_01_c0010.mp4
Depth video saved as: /home/martin.barry/projects/surreal/train/run0/91_01/91_01_c0010_depth.mp4
Processing /home/martin.barry/projects/surreal/train/run2/ung_113_04/ung_113_04_c0002.mp4
Depth video saved as: /home/martin.barry/projects/surreal/train/run2/ung_113_04/ung_113_04_c0002_depth.mp4
Processing /home/martin.barry/projects/surreal/train/run2/105_24/105_24_c0005.mp4
Depth video saved as: /home/martin.barry/projects/surreal/train/run2/105_24/105_24_c0005_depth.mp4
Processing /home/martin.barry/projects/surreal/train/run1/ung_105_02/ung_105_02_c0005.mp4
Depth video saved as: /home/martin.barry/projects/surreal/train/run1/ung_105_02/ung_105_02_c0005_depth.mp4
Processing /home/martin.barry/projects/surreal/train/run1/15_13/15_13_c0074.mp4
Processing /home/martin.barry/projects/surreal/train/run1/ung_144_18/ung_144_18_c0006.mp4
Processing /home/martin.barry/projects/surreal/train/run2/ung_77_14/ung_77_14_c0001.mp4
Depth video saved as: /home/martin.barry/projects/surreal/train/run2/ung_77_14/ung_77_14_c0001_depth.mp4
Processing /home/martin.barry/projects/surreal/train/run1/55_25/55_25_c0009.mp4
Processing /home/martin.barry/projects/surreal/train/run0/ung_132_16/ung_132_16_c0003.mp4
Depth video saved as: /home/martin.barry/projects/surreal/train/run0/ung_132_16/ung_132_16_c0003_depth.mp4
Processing /home/martin.barry/projects/surreal/test/run1/107_08/107_08_c0001.mp4
Processing /home/martin.barry/projects/surreal/train/run2/28_06/28_06_c0005.mp4
Processing /home/martin.barry/projects/surreal/train/run1/15_05/15_05_c0176.mp4
Depth video saved as: /home/martin.barry/projects/surreal/train/run1/15_05/15_05_c0176_depth.mp4
Processing /home/martin.barry/projects/surreal/test/run0/36_30/36_30_c0018.mp4
Depth video saved as: /home/martin.barry/projects/surreal/test/run0/36_30/36_30_c0018_depth.mp4
Processing /home/martin.barry/projects/surreal/train/run2/ung_76_05/ung_76_05_c0003.mp4
Processing /home/martin.barry/projects/surreal/train/run0/ung_132_33/ung_132_33_c0002.mp4
Processing /home/martin.barry/projects/surreal/train/run0/55_05/55_05_c0007.mp4
Depth video saved as: /home/martin.barry/projects/surreal/train/run0/55_05/55_05_c0007_depth.mp4
Processing /home/martin.barry/projects/surreal/train/run0/ung_111_07/ung_111_07_c0003.mp4
Depth video saved as: /home/martin.barry/projects/surreal/train/run0/ung_111_07/ung_111_07_c0003_depth.mp4
Processing /home/martin.barry/projects/surreal/test/run1/36_33/36_33_c0009.mp4
Depth video saved as: /home/martin.barry/projects/surreal/test/run1/36_33/36_33_c0009_depth.mp4
Processing /home/martin.barry/projects/surreal/train/run1/ung_91_32/ung_91_32_c0021.mp4
Depth video saved as: /home/martin.barry/projects/surreal/train/run1/ung_91_32/ung_91_32_c0021_depth.mp4
Processing /home/martin.barry/projects/surreal/train/run1/144_17/144_17_c0007.mp4
Depth video saved as: /home/martin.barry/projects/surreal/train/run1/144_17/144_17_c0007_depth.mp4
Processing /home/martin.barry/projects/surreal/train/run1/28_04/28_04_c0029.mp4
Depth video saved as: /home/martin.barry/projects/surreal/train/run1/28_04/28_04_c0029_depth.mp4
Processing /home/martin.barry/projects/surreal/train/run1/137_19/137_19_c0019.mp4
Processing /home/martin.barry/projects/surreal/train/run0/26_02/26_02_c0019.mp4
Processing /home/martin.barry/projects/surreal/train/run1/55_25/55_25_c0018.mp4
Depth video saved as: /home/martin.barry/projects/surreal/train/run1/55_25/55_25_c0018_depth.mp4
Processing /home/martin.barry/projects/surreal/test/run2/75_03/75_03_c0001.mp4
Processing /home/martin.barry/projects/surreal/test/run1/36_35/36_35_c0003.mp4
Depth video saved as: /home/martin.barry/projects/surreal/test/run1/36_35/36_35_c0003_depth.mp4
Processing /home/martin.barry/projects/surreal/test/run2/ung_118_28/ung_118_28_c0002.mp4
Processing /home/martin.barry/projects/surreal/train/run2/144_04/144_04_c0004.mp4
Depth video saved as: /home/martin.barry/projects/surreal/train/run2/144_04/144_04_c0004_depth.mp4
Processing /home/martin.barry/projects/surreal/train/run1/ung_91_29/ung_91_29_c0010.mp4
Depth video saved as: /home/martin.barry/projects/surreal/train/run1/ung_91_29/ung_91_29_c0010_depth.mp4
Processing /home/martin.barry/projects/surreal/train/run1/17_07/17_07_c0005.mp4
Depth video saved as: /home/martin.barry/projects/surreal/train/run1/17_07/17_07_c0005_depth.mp4
setting noise profile for high light
Time taken for one batch: 0.0037889480590820312
Time taken for one batch: 8.42090392112732
Time taken for one batch: 16.851686239242554
Time taken for one batch: 25.285226106643677
Time taken for one batch: 33.73664736747742
Time taken for one batch: 42.18830752372742
Time taken for one batch: 50.64541721343994
time taken after saving: 63.423689126968384
setting noise profile for high light
Time taken for one batch: 0.0037088394165039062
Time taken for one batch: 8.393691301345825
Time taken for one batch: 16.806615591049194
Time taken for one batch: 25.21657657623291
Time taken for one batch: 33.64335656166077
Time taken for one batch: 42.0659294128418
Time taken for one batch: 50.50385046005249
