/opt/conda/envs/v2e/lib/python3.10/site-packages/torch/utils/data/dataloader.py:624: UserWarning: This DataLoader will create 8 worker processes in total. Our suggested max number of worker in current system is 4, which is smaller than what this DataLoader is going to create. Please be aware that excessive worker creation might get DataLoader running slow or even freeze, lower the worker number to avoid potential slowness/freeze if necessary.
  warnings.warn(
Traceback (most recent call last):
  File "/home/martin.barry/projects/v2ebatch/v2ref.py", line 643, in <module>
    main(batch)
  File "/home/martin.barry/projects/v2ebatch/v2ref.py", line 604, in main
    slow_mo_vids, interpTimes = slowmo_upsampling(args, slomo, source_frames_dir, interpFramesFolder, 
  File "/home/martin.barry/projects/v2ebatch/v2ref.py", line 377, in slowmo_upsampling
    slow_mo_vids, interpTimes, avgUpsamplingFactor = slomo.interpolate_batch(source_frames_dir, interpFramesFolder)
  File "/home/martin.barry/projects/v2ebatch/v2ecore/slomo.py", line 360, in interpolate_batch
    flow_out = self.flow_estimator(torch.cat((I0_batch_NET, I1_batch_NET), dim=1))
  File "/opt/conda/envs/v2e/lib/python3.10/site-packages/torch/nn/modules/module.py", line 1739, in _wrapped_call_impl
    return self._call_impl(*args, **kwargs)
  File "/opt/conda/envs/v2e/lib/python3.10/site-packages/torch/nn/modules/module.py", line 1750, in _call_impl
    return forward_call(*args, **kwargs)
  File "/home/martin.barry/projects/v2ebatch/v2ecore/model.py", line 213, in forward
    x = F.leaky_relu(self.conv1(x), negative_slope=0.1)
  File "/opt/conda/envs/v2e/lib/python3.10/site-packages/torch/nn/modules/module.py", line 1739, in _wrapped_call_impl
    return self._call_impl(*args, **kwargs)
  File "/opt/conda/envs/v2e/lib/python3.10/site-packages/torch/nn/modules/module.py", line 1750, in _call_impl
    return forward_call(*args, **kwargs)
  File "/opt/conda/envs/v2e/lib/python3.10/site-packages/torch/nn/modules/conv.py", line 554, in forward
    return self._conv_forward(input, self.weight, self.bias)
  File "/opt/conda/envs/v2e/lib/python3.10/site-packages/torch/nn/modules/conv.py", line 549, in _conv_forward
    return F.conv2d(
RuntimeError: Input type (unsigned char) and bias type (float) should be the same
